# JRE version: OpenJDK Runtime Environment (8.0_242-b01) (build 1.8.0_242-release-1644-b01)
# Java VM: OpenJDK 64-Bit Server VM (25.242-b01 mixed mode windows-amd64 compressed oops)
Heap:
 PSYoungGen      total 356352K, used 188270K [0x00000000e0000000, 0x00000000f9f00000, 0x0000000100000000)
  eden space 334336K, 49% used [0x00000000e0000000,0x00000000ea27eef8,0x00000000f4680000)
  from space 22016K, 99% used [0x00000000f8980000,0x00000000f9edcc30,0x00000000f9f00000)
  to   space 26624K, 0% used [0x00000000f6b00000,0x00000000f6b00000,0x00000000f8500000)
 ParOldGen       total 328704K, used 36730K [0x00000000a0000000, 0x00000000b4100000, 0x00000000e0000000)
  object space 328704K, 11% used [0x00000000a0000000,0x00000000a23de8a0,0x00000000b4100000)
 Metaspace       used 70398K, capacity 73884K, committed 74008K, reserved 1114112K
  class space    used 9595K, capacity 10243K, committed 10280K, reserved 1048576K
GC Heap History (10 events):
Event: 3.563 GC heap before
{Heap before GC invocations=7 (full 2):
 PSYoungGen      total 208384K, used 9356K [0x00000000e0000000, 0x00000000f1e80000, 0x0000000100000000)
  eden space 192000K, 0% used [0x00000000e0000000,0x00000000e0000000,0x00000000ebb80000)
  from space 16384K, 57% used [0x00000000ebb80000,0x00000000ec4a3268,0x00000000ecb80000)
  to   space 14336K, 0% used [0x00000000f1080000,0x00000000f1080000,0x00000000f1e80000)
 ParOldGen       total 139264K, used 7656K [0x00000000a0000000, 0x00000000a8800000, 0x00000000e0000000)
  object space 139264K, 5% used [0x00000000a0000000,0x00000000a077a2e0,0x00000000a8800000)
 Metaspace       used 34237K, capacity 35426K, committed 35496K, reserved 1079296K
  class space    used 4709K, capacity 5006K, committed 5032K, reserved 1048576K
Event: 3.601 GC heap after
Heap after GC invocations=7 (full 2):
 PSYoungGen      total 208384K, used 0K [0x00000000e0000000, 0x00000000f1e80000, 0x0000000100000000)
  eden space 192000K, 0% used [0x00000000e0000000,0x00000000e0000000,0x00000000ebb80000)
  from space 16384K, 0% used [0x00000000ebb80000,0x00000000ebb80000,0x00000000ecb80000)
  to   space 14336K, 0% used [0x00000000f1080000,0x00000000f1080000,0x00000000f1e80000)
 ParOldGen       total 219136K, used 15717K [0x00000000a0000000, 0x00000000ad600000, 0x00000000e0000000)
  object space 219136K, 7% used [0x00000000a0000000,0x00000000a0f59538,0x00000000ad600000)
 Metaspace       used 34237K, capacity 35426K, committed 35496K, reserved 1079296K
  class space    used 4709K, capacity 5006K, committed 5032K, reserved 1048576K
}
Event: 4.827 GC heap before
{Heap before GC invocations=8 (full 2):
 PSYoungGen      total 208384K, used 192000K [0x00000000e0000000, 0x00000000f1e80000, 0x0000000100000000)
  eden space 192000K, 100% used [0x00000000e0000000,0x00000000ebb80000,0x00000000ebb80000)
  from space 16384K, 0% used [0x00000000ebb80000,0x00000000ebb80000,0x00000000ecb80000)
  to   space 14336K, 0% used [0x00000000f1080000,0x00000000f1080000,0x00000000f1e80000)
 ParOldGen       total 219136K, used 15717K [0x00000000a0000000, 0x00000000ad600000, 0x00000000e0000000)
  object space 219136K, 7% used [0x00000000a0000000,0x00000000a0f59538,0x00000000ad600000)
 Metaspace       used 45303K, capacity 47212K, committed 47528K, reserved 1089536K
  class space    used 6126K, capacity 6491K, committed 6568K, reserved 1048576K
Event: 4.841 GC heap after
Heap after GC invocations=8 (full 2):
 PSYoungGen      total 274432K, used 14322K [0x00000000e0000000, 0x00000000f3180000, 0x0000000100000000)
  eden space 260096K, 0% used [0x00000000e0000000,0x00000000e0000000,0x00000000efe00000)
  from space 14336K, 99% used [0x00000000f1080000,0x00000000f1e7cae8,0x00000000f1e80000)
  to   space 18944K, 0% used [0x00000000efe00000,0x00000000efe00000,0x00000000f1080000)
 ParOldGen       total 219136K, used 20345K [0x00000000a0000000, 0x00000000ad600000, 0x00000000e0000000)
  object space 219136K, 9% used [0x00000000a0000000,0x00000000a13de718,0x00000000ad600000)
 Metaspace       used 45303K, capacity 47212K, committed 47528K, reserved 1089536K
  class space    used 6126K, capacity 6491K, committed 6568K, reserved 1048576K
}
Event: 6.006 GC heap before
{Heap before GC invocations=9 (full 2):
 PSYoungGen      total 274432K, used 161306K [0x00000000e0000000, 0x00000000f3180000, 0x0000000100000000)
  eden space 260096K, 56% used [0x00000000e0000000,0x00000000e8f89f18,0x00000000efe00000)
  from space 14336K, 99% used [0x00000000f1080000,0x00000000f1e7cae8,0x00000000f1e80000)
  to   space 18944K, 0% used [0x00000000efe00000,0x00000000efe00000,0x00000000f1080000)
 ParOldGen       total 219136K, used 20345K [0x00000000a0000000, 0x00000000ad600000, 0x00000000e0000000)
  object space 219136K, 9% used [0x00000000a0000000,0x00000000a13de718,0x00000000ad600000)
 Metaspace       used 56739K, capacity 59100K, committed 59160K, reserved 1099776K
  class space    used 7760K, capacity 8213K, committed 8232K, reserved 1048576K
Event: 6.033 GC heap after
Heap after GC invocations=9 (full 2):
 PSYoungGen      total 279040K, used 18928K [0x00000000e0000000, 0x00000000fa180000, 0x0000000100000000)
  eden space 260096K, 0% used [0x00000000e0000000,0x00000000e0000000,0x00000000efe00000)
  from space 18944K, 99% used [0x00000000efe00000,0x00000000f107c168,0x00000000f1080000)
  to   space 24576K, 0% used [0x00000000f8980000,0x00000000f8980000,0x00000000fa180000)
 ParOldGen       total 219136K, used 26417K [0x00000000a0000000, 0x00000000ad600000, 0x00000000e0000000)
  object space 219136K, 12% used [0x00000000a0000000,0x00000000a19cc558,0x00000000ad600000)
 Metaspace       used 56739K, capacity 59100K, committed 59160K, reserved 1099776K
  class space    used 7760K, capacity 8213K, committed 8232K, reserved 1048576K
}
Event: 6.033 GC heap before
{Heap before GC invocations=10 (full 3):
 PSYoungGen      total 279040K, used 18928K [0x00000000e0000000, 0x00000000fa180000, 0x0000000100000000)
  eden space 260096K, 0% used [0x00000000e0000000,0x00000000e0000000,0x00000000efe00000)
  from space 18944K, 99% used [0x00000000efe00000,0x00000000f107c168,0x00000000f1080000)
  to   space 24576K, 0% used [0x00000000f8980000,0x00000000f8980000,0x00000000fa180000)
 ParOldGen       total 219136K, used 26417K [0x00000000a0000000, 0x00000000ad600000, 0x00000000e0000000)
  object space 219136K, 12% used [0x00000000a0000000,0x00000000a19cc558,0x00000000ad600000)
 Metaspace       used 56739K, capacity 59100K, committed 59160K, reserved 1099776K
  class space    used 7760K, capacity 8213K, committed 8232K, reserved 1048576K
Event: 6.220 GC heap after
Heap after GC invocations=10 (full 3):
 PSYoungGen      total 279040K, used 0K [0x00000000e0000000, 0x00000000fa180000, 0x0000000100000000)
  eden space 260096K, 0% used [0x00000000e0000000,0x00000000e0000000,0x00000000efe00000)
  from space 18944K, 0% used [0x00000000efe00000,0x00000000efe00000,0x00000000f1080000)
  to   space 24576K, 0% used [0x00000000f8980000,0x00000000f8980000,0x00000000fa180000)
 ParOldGen       total 328704K, used 36722K [0x00000000a0000000, 0x00000000b4100000, 0x00000000e0000000)
  object space 328704K, 11% used [0x00000000a0000000,0x00000000a23dc8a0,0x00000000b4100000)
 Metaspace       used 56695K, capacity 58950K, committed 59160K, reserved 1099776K
  class space    used 7746K, capacity 8188K, committed 8232K, reserved 1048576K
}
Event: 8.499 GC heap before
{Heap before GC invocations=11 (full 3):
 PSYoungGen      total 279040K, used 260096K [0x00000000e0000000, 0x00000000fa180000, 0x0000000100000000)
  eden space 260096K, 100% used [0x00000000e0000000,0x00000000efe00000,0x00000000efe00000)
  from space 18944K, 0% used [0x00000000efe00000,0x00000000efe00000,0x00000000f1080000)
  to   space 24576K, 0% used [0x00000000f8980000,0x00000000f8980000,0x00000000fa180000)
 ParOldGen       total 328704K, used 36722K [0x00000000a0000000, 0x00000000b4100000, 0x00000000e0000000)
  object space 328704K, 11% used [0x00000000a0000000,0x00000000a23dc8a0,0x00000000b4100000)
 Metaspace       used 67526K, capacity 70726K, committed 70808K, reserved 1110016K
  class space    used 9284K, capacity 9888K, committed 9896K, reserved 1048576K
Event: 8.515 GC heap after
Heap after GC invocations=11 (full 3):
 PSYoungGen      total 356352K, used 21875K [0x00000000e0000000, 0x00000000f9f00000, 0x0000000100000000)
  eden space 334336K, 0% used [0x00000000e0000000,0x00000000e0000000,0x00000000f4680000)
  from space 22016K, 99% used [0x00000000f8980000,0x00000000f9edcc30,0x00000000f9f00000)
  to   space 26624K, 0% used [0x00000000f6b00000,0x00000000f6b00000,0x00000000f8500000)
 ParOldGen       total 328704K, used 36730K [0x00000000a0000000, 0x00000000b4100000, 0x00000000e0000000)
  object space 328704K, 11% used [0x00000000a0000000,0x00000000a23de8a0,0x00000000b4100000)
 Metaspace       used 67526K, capacity 70726K, committed 70808K, reserved 1110016K
  class space    used 9284K, capacity 9888K, committed 9896K, reserved 1048576K
}

